Assuming unrestricted shared filesystem usage.
host: Bryans-Mac-mini.lan
Building DAG of jobs...
Using shell: /bin/bash
Provided cores: 4
Rules claiming more threads will be scaled down.
Job stats:
job                    count
-------------------  -------
extract_archive            9
build_lane_manifest        1
trim_lanes                 1
total                     11

Select jobs to execute...
Execute 4 jobs...
[Fri Apr 24 03:21:29 2026]
localrule extract_archive:
    input: /Volumes/bryan_SSD/genelab/GLDS-47_rna-seq_C-GC-2.tar.gz
    output: results/extracted/C-GC-2/.extracted.ok
    jobid: 8
    reason: Missing output files: results/extracted/C-GC-2/.extracted.ok
    wildcards: archive=C-GC-2
    resources: tmpdir=/var/folders/6s/80n5p35d191d08wb9b69g44w0000gn/T
[Fri Apr 24 03:21:29 2026]
localrule extract_archive:
    input: /Volumes/bryan_SSD/genelab/GLDS-47_rna-seq_C-Ba-1.tar.gz
    output: results/extracted/C-Ba-1/.extracted.ok
    jobid: 2
    reason: Missing output files: results/extracted/C-Ba-1/.extracted.ok
    wildcards: archive=C-Ba-1
    resources: tmpdir=/var/folders/6s/80n5p35d191d08wb9b69g44w0000gn/T
[Fri Apr 24 03:21:29 2026]
localrule extract_archive:
    input: /Volumes/bryan_SSD/genelab/GLDS-47_rna-seq_C-GC-3.tar.gz
    output: results/extracted/C-GC-3/.extracted.ok
    jobid: 9
    reason: Missing output files: results/extracted/C-GC-3/.extracted.ok
    wildcards: archive=C-GC-3
    resources: tmpdir=/var/folders/6s/80n5p35d191d08wb9b69g44w0000gn/T
[Fri Apr 24 03:21:29 2026]
localrule extract_archive:
    input: /Volumes/bryan_SSD/genelab/GLDS-47_rna-seq_C-Ba-2.tar.gz
    output: results/extracted/C-Ba-2/.extracted.ok
    jobid: 3
    reason: Missing output files: results/extracted/C-Ba-2/.extracted.ok
    wildcards: archive=C-Ba-2
    resources: tmpdir=/var/folders/6s/80n5p35d191d08wb9b69g44w0000gn/T
Select jobs to execute...
[Fri Apr 24 03:21:34 2026]
Finished jobid: 3 (Rule: extract_archive)
1 of 11 steps (9%) done
Execute 1 jobs...
[Fri Apr 24 03:21:34 2026]
localrule extract_archive:
    input: /Volumes/bryan_SSD/genelab/GLDS-47_rna-seq_C-FLT-4.tar.gz
    output: results/extracted/C-FLT-4/.extracted.ok
    jobid: 7
    reason: Missing output files: results/extracted/C-FLT-4/.extracted.ok
    wildcards: archive=C-FLT-4
    resources: tmpdir=/var/folders/6s/80n5p35d191d08wb9b69g44w0000gn/T
Select jobs to execute...
[Fri Apr 24 03:21:35 2026]
Finished jobid: 2 (Rule: extract_archive)
2 of 11 steps (18%) done
Execute 1 jobs...
[Fri Apr 24 03:21:35 2026]
localrule extract_archive:
    input: /Volumes/bryan_SSD/genelab/GLDS-47_rna-seq_C-Ba-3.tar.gz
    output: results/extracted/C-Ba-3/.extracted.ok
    jobid: 4
    reason: Missing output files: results/extracted/C-Ba-3/.extracted.ok
    wildcards: archive=C-Ba-3
    resources: tmpdir=/var/folders/6s/80n5p35d191d08wb9b69g44w0000gn/T
[Fri Apr 24 03:21:35 2026]
Finished jobid: 8 (Rule: extract_archive)
3 of 11 steps (27%) done
Select jobs to execute...
Execute 1 jobs...
[Fri Apr 24 03:21:35 2026]
localrule extract_archive:
    input: /Volumes/bryan_SSD/genelab/GLDS-47_rna-seq_C-FLT-2.tar.gz
    output: results/extracted/C-FLT-2/.extracted.ok
    jobid: 6
    reason: Missing output files: results/extracted/C-FLT-2/.extracted.ok
    wildcards: archive=C-FLT-2
    resources: tmpdir=/var/folders/6s/80n5p35d191d08wb9b69g44w0000gn/T
[Fri Apr 24 03:21:35 2026]
Finished jobid: 9 (Rule: extract_archive)
4 of 11 steps (36%) done
Select jobs to execute...
Execute 1 jobs...
[Fri Apr 24 03:21:35 2026]
localrule extract_archive:
    input: /Volumes/bryan_SSD/genelab/GLDS-47_rna-seq_C-FLT-1.tar.gz
    output: results/extracted/C-FLT-1/.extracted.ok
    jobid: 5
    reason: Missing output files: results/extracted/C-FLT-1/.extracted.ok
    wildcards: archive=C-FLT-1
    resources: tmpdir=/var/folders/6s/80n5p35d191d08wb9b69g44w0000gn/T
Select jobs to execute...
[Fri Apr 24 03:21:40 2026]
Finished jobid: 7 (Rule: extract_archive)
5 of 11 steps (45%) done
Execute 1 jobs...
[Fri Apr 24 03:21:40 2026]
localrule extract_archive:
    input: /Volumes/bryan_SSD/genelab/GLDS-47_rna-seq_C-GC-5.tar.gz
    output: results/extracted/C-GC-5/.extracted.ok
    jobid: 10
    reason: Missing output files: results/extracted/C-GC-5/.extracted.ok
    wildcards: archive=C-GC-5
    resources: tmpdir=/var/folders/6s/80n5p35d191d08wb9b69g44w0000gn/T
[Fri Apr 24 03:21:40 2026]
Finished jobid: 4 (Rule: extract_archive)
6 of 11 steps (55%) done
[Fri Apr 24 03:21:40 2026]
Finished jobid: 6 (Rule: extract_archive)
7 of 11 steps (64%) done
[Fri Apr 24 03:21:40 2026]
Finished jobid: 5 (Rule: extract_archive)
8 of 11 steps (73%) done
[Fri Apr 24 03:21:42 2026]
Finished jobid: 10 (Rule: extract_archive)
9 of 11 steps (82%) done
Select jobs to execute...
Execute 1 jobs...
[Fri Apr 24 03:21:42 2026]
localrule build_lane_manifest:
    input: results/extracted/C-Ba-1/.extracted.ok, results/extracted/C-Ba-2/.extracted.ok, results/extracted/C-Ba-3/.extracted.ok, results/extracted/C-FLT-1/.extracted.ok, results/extracted/C-FLT-2/.extracted.ok, results/extracted/C-FLT-4/.extracted.ok, results/extracted/C-GC-2/.extracted.ok, results/extracted/C-GC-3/.extracted.ok, results/extracted/C-GC-5/.extracted.ok
    output: results/metadata/lane_manifest.tsv
    jobid: 1
    reason: Missing output files: results/metadata/lane_manifest.tsv; Input files updated by another job: results/extracted/C-Ba-3/.extracted.ok, results/extracted/C-Ba-1/.extracted.ok, results/extracted/C-Ba-2/.extracted.ok, results/extracted/C-FLT-4/.extracted.ok, results/extracted/C-GC-3/.extracted.ok, results/extracted/C-GC-5/.extracted.ok, results/extracted/C-FLT-2/.extracted.ok, results/extracted/C-GC-2/.extracted.ok, results/extracted/C-FLT-1/.extracted.ok
    resources: tmpdir=/var/folders/6s/80n5p35d191d08wb9b69g44w0000gn/T
[Fri Apr 24 03:21:43 2026]
Finished jobid: 1 (Rule: build_lane_manifest)
10 of 11 steps (91%) done
Select jobs to execute...
Execute 1 jobs...
[Fri Apr 24 03:21:43 2026]
localrule trim_lanes:
    input: results/metadata/lane_manifest.tsv
    output: results/trimmed/.trimmed.ok
    jobid: 0
    reason: Missing output files: results/trimmed/.trimmed.ok; Input files updated by another job: results/metadata/lane_manifest.tsv
    threads: 4
    resources: tmpdir=/var/folders/6s/80n5p35d191d08wb9b69g44w0000gn/T
[Fri Apr 24 03:25:31 2026]
Finished jobid: 0 (Rule: trim_lanes)
11 of 11 steps (100%) done
Complete log(s): /Users/bry_lee/osd47-spaceflight-multiomics/.snakemake/log/2026-04-24T032128.672546.snakemake.log
